This is pdfTeX, Version 3.1415926-2.5-1.40.14 (MiKTeX 2.9) (preloaded format=pdflatex 2014.10.24)  26 JUN 2015 16:22
entering extended mode
**ICSMEMain.tex

("C:\Users\Suhas\Dropbox\Queen's\ICSME-Review Comments\EMSE FORMAT\ICSMEMain.te
x"
LaTeX2e <2011/06/27>
Babel <v3.8m> and hyphenation patterns for english, afrikaans, ancientgreek, ar
abic, armenian, assamese, basque, bengali, bokmal, bulgarian, catalan, coptic, 
croatian, czech, danish, dutch, esperanto, estonian, farsi, finnish, french, ga
lician, german, german-x-2013-05-26, greek, gujarati, hindi, hungarian, iceland
ic, indonesian, interlingua, irish, italian, kannada, kurmanji, latin, latvian,
 lithuanian, malayalam, marathi, mongolian, mongolianlmc, monogreek, ngerman, n
german-x-2013-05-26, nynorsk, oriya, panjabi, pinyin, polish, portuguese, roman
ian, russian, sanskrit, serbian, slovak, slovenian, spanish, swedish, swissgerm
an, tamil, telugu, turkish, turkmen, ukenglish, ukrainian, uppersorbian, usengl
ishmax, welsh, loaded.
("C:\Program Files (x86)\Latex\tex\latex\base\fix-cm.sty"
Package: fix-cm 2014/09/29 v1.1s fixes to LaTeX

("C:\Program Files (x86)\Latex\tex\latex\base\ts1enc.def"
File: ts1enc.def 2001/06/05 v3.0e (jk/car/fm) Standard LaTeX file
))
("C:\Users\Suhas\Dropbox\Queen's\ICSME-Review Comments\EMSE FORMAT\svjour3.cls"
Document Class: svjour3 2010/11/25 v3.3 
LaTeX document class for Springer journals
Class Springer-SVJour3 Info: extra/valid Springer sub-package (-> *.clo) 
(Springer-SVJour3)           not found in option list of \documentclass
(Springer-SVJour3)           - autoactivating "global" style.
("C:\Users\Suhas\Dropbox\Queen's\ICSME-Review Comments\EMSE FORMAT\svglov3.clo"
File: svglov3.clo 2009/12/18 v3.2 style option for standardised journals
SVJour Class option: svglov3.clo for standardised journals
)
LaTeX Font Info:    Redeclaring math symbol \Gamma on input line 147.
LaTeX Font Info:    Redeclaring math symbol \Delta on input line 148.
LaTeX Font Info:    Redeclaring math symbol \Theta on input line 149.
LaTeX Font Info:    Redeclaring math symbol \Lambda on input line 150.
LaTeX Font Info:    Redeclaring math symbol \Xi on input line 151.
LaTeX Font Info:    Redeclaring math symbol \Pi on input line 152.
LaTeX Font Info:    Redeclaring math symbol \Sigma on input line 153.
LaTeX Font Info:    Redeclaring math symbol \Upsilon on input line 154.
LaTeX Font Info:    Redeclaring math symbol \Phi on input line 155.
LaTeX Font Info:    Redeclaring math symbol \Psi on input line 156.
LaTeX Font Info:    Redeclaring math symbol \Omega on input line 157.
\logodepth=\dimen102
\headerboxheight=\dimen103
\betweenumberspace=\dimen104
\aftertext=\dimen105
\headlineindent=\dimen106
\c@inst=\count79
\c@auth=\count80
\instindent=\dimen107
\authrun=\box26
\authorrunning=\toks14
\titrun=\box27
\titlerunning=\toks15
\combirun=\box28
\c@lastpage=\count81
\rubricwidth=\dimen108
\c@section=\count82
\c@subsection=\count83
\c@subsubsection=\count84
\c@paragraph=\count85
\c@subparagraph=\count86
\spthmsep=\dimen109
\c@theorem=\count87
\c@case=\count88
\c@conjecture=\count89
\c@corollary=\count90
\c@definition=\count91
\c@example=\count92
\c@exercise=\count93
\c@lemma=\count94
\c@note=\count95
\c@problem=\count96
\c@property=\count97
\c@proposition=\count98
\c@question=\count99
\c@solution=\count100
\c@remark=\count101
\c@figure=\count102
\c@table=\count103
\abovecaptionskip=\skip41
\belowcaptionskip=\skip42
\figcapgap=\dimen110
\tabcapgap=\dimen111
\figgap=\dimen112
\bibindent=\dimen113
\@tempcntc=\count104
) ("C:\Users\Suhas\Dropbox\Queen's\ICSME-Review Comments\EMSE FORMAT\setup.tex"
 ("C:\Program Files (x86)\Latex\tex\latex\multirow\multirow.sty"
\bigstrutjot=\dimen114
)
("C:\Program Files (x86)\Latex\tex\latex\graphics\graphicx.sty"
Package: graphicx 2014/10/28 v1.0g Enhanced LaTeX Graphics (DPC,SPQR)

("C:\Program Files (x86)\Latex\tex\latex\graphics\keyval.sty"
Package: keyval 2014/10/28 v1.15 key=value parser (DPC)
\KV@toks@=\toks16
)
("C:\Program Files (x86)\Latex\tex\latex\graphics\graphics.sty"
Package: graphics 2014/10/28 v1.0p Standard LaTeX Graphics (DPC,SPQR)

("C:\Program Files (x86)\Latex\tex\latex\graphics\trig.sty"
Package: trig 1999/03/16 v1.09 sin cos tan (DPC)
)
("C:\Program Files (x86)\Latex\tex\latex\00miktex\graphics.cfg"
File: graphics.cfg 2007/01/18 v1.5 graphics configuration of teTeX/TeXLive
)
Package graphics Info: Driver file: pdftex.def on input line 91.

("C:\Program Files (x86)\Latex\tex\latex\pdftex-def\pdftex.def"
File: pdftex.def 2011/05/27 v0.06d Graphics/color for pdfTeX

("C:\Program Files (x86)\Latex\tex\generic\oberdiek\infwarerr.sty"
Package: infwarerr 2010/04/08 v1.3 Providing info/warning/error messages (HO)
)
("C:\Program Files (x86)\Latex\tex\generic\oberdiek\ltxcmds.sty"
Package: ltxcmds 2011/11/09 v1.22 LaTeX kernel commands for general use (HO)
)
\Gread@gobject=\count105
))
\Gin@req@height=\dimen115
\Gin@req@width=\dimen116
)
("C:\Program Files (x86)\Latex\tex\latex\base\alltt.sty"
Package: alltt 1997/06/16 v2.0g defines alltt environment
)
("C:\Program Files (x86)\Latex\tex\latex\ltxmisc\relsize.sty"
Package: relsize 2003/07/04 ver 3.1


Package relsize Warning: Failed to get list of font sizes.
(relsize)                Falling back to old definition. on input line 81.

) ("C:\Program Files (x86)\Latex\tex\latex\booktabs\booktabs.sty"
Package: booktabs 2005/04/14 v1.61803 publication quality tables
\heavyrulewidth=\dimen117
\lightrulewidth=\dimen118
\cmidrulewidth=\dimen119
\belowrulesep=\dimen120
\belowbottomsep=\dimen121
\aboverulesep=\dimen122
\abovetopsep=\dimen123
\cmidrulesep=\dimen124
\cmidrulekern=\dimen125
\defaultaddspace=\dimen126
\@cmidla=\count106
\@cmidlb=\count107
\@aboverulesep=\dimen127
\@belowrulesep=\dimen128
\@thisruleclass=\count108
\@lastruleclass=\count109
\@thisrulewidth=\dimen129
)
("C:\Program Files (x86)\Latex\tex\latex\amsmath\amsmath.sty"
Package: amsmath 2013/01/14 v2.14 AMS math features
\@mathmargin=\skip43

For additional information on amsmath, use the `?' option.
("C:\Program Files (x86)\Latex\tex\latex\amsmath\amstext.sty"
Package: amstext 2000/06/29 v2.01

("C:\Program Files (x86)\Latex\tex\latex\amsmath\amsgen.sty"
File: amsgen.sty 1999/11/30 v2.0
\@emptytoks=\toks17
\ex@=\dimen130
))
("C:\Program Files (x86)\Latex\tex\latex\amsmath\amsbsy.sty"
Package: amsbsy 1999/11/29 v1.2d
\pmbraise@=\dimen131
)
("C:\Program Files (x86)\Latex\tex\latex\amsmath\amsopn.sty"
Package: amsopn 1999/12/14 v2.01 operator names
)
\inf@bad=\count110
LaTeX Info: Redefining \frac on input line 210.
\uproot@=\count111
\leftroot@=\count112
LaTeX Info: Redefining \overline on input line 306.
\classnum@=\count113
\DOTSCASE@=\count114
LaTeX Info: Redefining \ldots on input line 378.
LaTeX Info: Redefining \dots on input line 381.
LaTeX Info: Redefining \cdots on input line 466.
\Mathstrutbox@=\box29
\strutbox@=\box30
\big@size=\dimen132
LaTeX Font Info:    Redeclaring font encoding OML on input line 566.
LaTeX Font Info:    Redeclaring font encoding OMS on input line 567.


Package amsmath Warning: Unable to redefine math accent \vec.

\macc@depth=\count115
\c@MaxMatrixCols=\count116
\dotsspace@=\muskip10
\c@parentequation=\count117
\dspbrk@lvl=\count118
\tag@help=\toks18
\row@=\count119
\column@=\count120
\maxfields@=\count121
\andhelp@=\toks19
\eqnshift@=\dimen133
\alignsep@=\dimen134
\tagshift@=\dimen135
\tagwidth@=\dimen136
\totwidth@=\dimen137
\lineht@=\dimen138
\@envbody=\toks20
\multlinegap=\skip44
\multlinetaggap=\skip45
\mathdisplay@stack=\toks21
LaTeX Info: Redefining \[ on input line 2665.
LaTeX Info: Redefining \] on input line 2666.
) ("C:\Program Files (x86)\Latex\tex\latex\tools\verbatim.sty"
Package: verbatim 2014/10/28 v1.5q LaTeX2e package for verbatim enhancements
\every@verbatim=\toks22
\verbatim@line=\toks23
\verbatim@in@stream=\read1
)
("C:\Program Files (x86)\Latex\tex\latex\xcolor\xcolor.sty"
Package: xcolor 2007/01/21 v2.11 LaTeX color extensions (UK)

("C:\Program Files (x86)\Latex\tex\latex\00miktex\color.cfg"
File: color.cfg 2007/01/18 v1.5 color configuration of teTeX/TeXLive
)
Package xcolor Info: Driver file: pdftex.def on input line 225.

("C:\Program Files (x86)\Latex\tex\latex\colortbl\colortbl.sty"
Package: colortbl 2012/02/13 v1.0a Color table columns (DPC)

("C:\Program Files (x86)\Latex\tex\latex\tools\array.sty"
Package: array 2014/10/28 v2.4c Tabular extension package (FMi)
\col@sep=\dimen139
\extrarowheight=\dimen140
\NC@list=\toks24
\extratabsurround=\skip46
\backup@length=\skip47
)
\everycr=\toks25
\minrowclearance=\skip48
)
\rownum=\count122
Package xcolor Info: Model `cmy' substituted by `cmy0' on input line 1337.
Package xcolor Info: Model `hsb' substituted by `rgb' on input line 1341.
Package xcolor Info: Model `RGB' extended on input line 1353.
Package xcolor Info: Model `HTML' substituted by `rgb' on input line 1355.
Package xcolor Info: Model `Hsb' substituted by `hsb' on input line 1356.
Package xcolor Info: Model `tHsb' substituted by `hsb' on input line 1357.
Package xcolor Info: Model `HSB' substituted by `hsb' on input line 1358.
Package xcolor Info: Model `Gray' substituted by `gray' on input line 1359.
Package xcolor Info: Model `wave' substituted by `hsb' on input line 1360.
)
("C:\Users\Suhas\Dropbox\Queen's\ICSME-Review Comments\EMSE FORMAT\subfig.sty"
Style Option: `subfig' v1.2 <28 Jan 92> (M.O.)
\c@subfigure=\count123
) ("C:\Program Files (x86)\Latex\tex\latex\amsfonts\amsfonts.sty"
Package: amsfonts 2013/01/14 v3.01 Basic AMSFonts support
\symAMSa=\mathgroup4
\symAMSb=\mathgroup5
LaTeX Font Info:    Overwriting math alphabet `\mathfrak' in version `bold'
(Font)                  U/euf/m/n --> U/euf/b/n on input line 106.
)
("C:\Program Files (x86)\Latex\tex\latex\amsfonts\amssymb.sty"
Package: amssymb 2013/01/14 v3.01 AMS font symbols
)
("C:\Program Files (x86)\Latex\tex\latex\float\float.sty"
Package: float 2001/11/08 v1.3d Float enhancements (AL)
\c@float@type=\count124
\float@exts=\toks26
\float@box=\box31
\@float@everytoks=\toks27
\@floatcapt=\box32
)
("C:\Program Files (x86)\Latex\tex\latex\url\url.sty"
\Urlmuskip=\muskip11
Package: url 2013/09/16  ver 3.4  Verb mode for urls, etc.
)
("C:\Program Files (x86)\Latex\tex\latex\fancybox\fancybox.sty"
Package: fancybox 2010/05/15 1.4

Style option: `fancybox' v1.4 <2010/05/15> (tvz)
\@fancybox=\box33
\shadowsize=\dimen141
\@Sbox=\box34
\do@VerbBox=\toks28
\the@fancyput=\toks29
\this@fancyput=\toks30
\EndVerbatimTokens=\toks31
\Verbatim@Outfile=\write3
\Verbatim@Infile=\read2
) ("C:\Program Files (x86)\Latex\tex\latex\listings\listings.sty"
\lst@mode=\count125
\lst@gtempboxa=\box35
\lst@token=\toks32
\lst@length=\count126
\lst@currlwidth=\dimen142
\lst@column=\count127
\lst@pos=\count128
\lst@lostspace=\dimen143
\lst@width=\dimen144
\lst@newlines=\count129
\lst@lineno=\count130
\lst@maxwidth=\dimen145

("C:\Program Files (x86)\Latex\tex\latex\listings\lstmisc.sty"
File: lstmisc.sty 2014/09/06 1.5e (Carsten Heinz)
\c@lstnumber=\count131
\lst@skipnumbers=\count132
\lst@framebox=\box36
)
("C:\Program Files (x86)\Latex\tex\latex\listings\listings.cfg"
File: listings.cfg 2014/09/06 1.5e listings configuration
))
Package: listings 2014/09/06 1.5e (Carsten Heinz)

("C:\Program Files (x86)\Latex\tex\latex\framed\framed.sty"
Package: framed 2011/10/22 v 0.96: framed or shaded text with page breaks
\OuterFrameSep=\skip49
\fb@frw=\dimen146
\fb@frh=\dimen147
\FrameRule=\dimen148
\FrameSep=\dimen149
)
("C:\Program Files (x86)\Latex\tex\latex\tools\hhline.sty"
Package: hhline 2014/10/28 v2.03 Table rule package (DPC)
)
("C:\Program Files (x86)\Latex\tex\latex\psnfss\pifont.sty"
Package: pifont 2005/04/12 PSNFSS-v9.2a Pi font support (SPQR) 
LaTeX Font Info:    Try loading font information for U+pzd on input line 63.

("C:\Program Files (x86)\Latex\tex\latex\psnfss\upzd.fd"
File: upzd.fd 2001/06/04 font definitions for U/pzd.
)
LaTeX Font Info:    Try loading font information for U+psy on input line 64.

("C:\Program Files (x86)\Latex\tex\latex\psnfss\upsy.fd"
File: upsy.fd 2001/06/04 font definitions for U/psy.
))
\qdx=\dimen150
\qda=\dimen151
\qdb=\dimen152
)
("C:\Users\Suhas\Dropbox\Queen's\ICSME-Review Comments\EMSE FORMAT\ICSMEMain.au
x")
LaTeX Font Info:    Checking defaults for OML/cmm/m/it on input line 52.
LaTeX Font Info:    ... okay on input line 52.
LaTeX Font Info:    Checking defaults for T1/cmr/m/n on input line 52.
LaTeX Font Info:    ... okay on input line 52.
LaTeX Font Info:    Checking defaults for OT1/cmr/m/n on input line 52.
LaTeX Font Info:    ... okay on input line 52.
LaTeX Font Info:    Checking defaults for OMS/cmsy/m/n on input line 52.
LaTeX Font Info:    ... okay on input line 52.
LaTeX Font Info:    Checking defaults for OMX/cmex/m/n on input line 52.
LaTeX Font Info:    ... okay on input line 52.
LaTeX Font Info:    Checking defaults for U/cmr/m/n on input line 52.
LaTeX Font Info:    ... okay on input line 52.
LaTeX Font Info:    Checking defaults for TS1/cmr/m/n on input line 52.
LaTeX Font Info:    ... okay on input line 52.

Unknown journal: specify \journalname{<name of your journal>} in preambel

("C:\Program Files (x86)\Latex\tex\context\base\supp-pdf.mkii"
[Loading MPS to PDF converter (version 2006.09.02).]
\scratchcounter=\count133
\scratchdimen=\dimen153
\scratchbox=\box37
\nofMPsegments=\count134
\nofMParguments=\count135
\everyMPshowfont=\toks33
\MPscratchCnt=\count136
\MPscratchDim=\dimen154
\MPnumerator=\count137
\makeMPintoPDFobject=\count138
\everyMPtoPDFconversion=\toks34
)
\c@lstlisting=\count139

SVJour3 warning: Missing \journalname
LaTeX Font Info:    Try loading font information for U+msa on input line 87.
("C:\Program Files (x86)\Latex\tex\latex\amsfonts\umsa.fd"
File: umsa.fd 2013/01/14 v3.01 AMS symbols A
)
LaTeX Font Info:    Try loading font information for U+msb on input line 87.

("C:\Program Files (x86)\Latex\tex\latex\amsfonts\umsb.fd"
File: umsb.fd 2013/01/14 v3.01 AMS symbols B
)
("C:\Users\Suhas\Dropbox\Queen's\ICSME-Review Comments\EMSE FORMAT\Abstract.tex
")
("C:\Users\Suhas\Dropbox\Queen's\ICSME-Review Comments\EMSE FORMAT\Introduction
.tex"
Underfull \vbox (badness 1484) has occurred while \output is active []

 [1{C:/Users/Suhas/AppData/Local/MiKTeX/2.9/pdftex/config/pdftex.map}]

LaTeX Warning: \oval, \circle, or \line size unavailable on input line 7.

<MethdologyICESEM.pdf, id=10, 550.055pt x 85.31876pt>
File: MethdologyICESEM.pdf Graphic file (type pdf)

<use MethdologyICESEM.pdf>
Package pdftex.def Info: MethdologyICESEM.pdf used on input line 85.
(pdftex.def)             Requested size: 412.54024pt x 63.98889pt.

Overfull \hbox (74.54024pt too wide) in paragraph at lines 85--86
 [][] 
 []

[2]
Overfull \hbox (19.6113pt too wide) in paragraph at lines 109--122
 [][] 
 []

)
("C:\Users\Suhas\Dropbox\Queen's\ICSME-Review Comments\EMSE FORMAT\Manualstudy.
tex" [3 <C:/Users/Suhas/Dropbox/Queen's/ICSME-Review Comments/EMSE FORMAT/Methd
ologyICESEM.pdf>] [4])
("C:\Users\Suhas\Dropbox\Queen's\ICSME-Review Comments\EMSE FORMAT\Methodology.
tex" [5] [6]

LaTeX Warning: \oval, \circle, or \line size unavailable on input line 83.


LaTeX Warning: \oval, \circle, or \line size unavailable on input line 86.

[7]

LaTeX Warning: \oval, \circle, or \line size unavailable on input line 136.

) ("C:\Users\Suhas\Dropbox\Queen's\ICSME-Review Comments\EMSE FORMAT\RQ1.tex"
Overfull \hbox (1.43956pt too wide) in paragraph at lines 14--14
 []|\OT1/cmr/m/n/8 0.167(small)| 
 []


Overfull \hbox (1.43956pt too wide) in paragraph at lines 14--15
 []|\OT1/cmr/m/n/8 0.329(small)| 
 []


Overfull \hbox (1.43956pt too wide) in paragraph at lines 16--17
 []|\OT1/cmr/m/n/8 0.234(small)| 
 []


Overfull \hbox (50.03006pt too wide) in paragraph at lines 7--21
 [][] 
 []

[8]

LaTeX Warning: Citation `gehan1965generalized' on page 9 undefined on input lin
e 70.

[9]
Underfull \hbox (badness 10000) in paragraph at lines 80--92

 []


Underfull \hbox (badness 10000) in paragraph at lines 80--92

 []

[10]
Overfull \hbox (1.43956pt too wide) in paragraph at lines 143--143
 []|\OT1/cmr/m/n/8 0.260(small)| 
 []


Overfull \hbox (5.68962pt too wide) in paragraph at lines 143--143
 []|\OT1/cmr/m/n/8 0.2092(small)| 
 []


Overfull \hbox (1.43956pt too wide) in paragraph at lines 145--145
 []|\OT1/cmr/m/n/8 0.153(small)| 
 []


Overfull \hbox (1.43956pt too wide) in paragraph at lines 145--145
 []|\OT1/cmr/m/n/8 0.308(small)| 
 []


Overfull \hbox (1.43956pt too wide) in paragraph at lines 145--146
 []|\OT1/cmr/m/n/8 0.531(small)| 
 []


Overfull \hbox (1.43956pt too wide) in paragraph at lines 147--147
 []|\OT1/cmr/m/n/8 0.447(small)| 
 []


Overfull \hbox (36.65701pt too wide) in paragraph at lines 137--152
 [][] 
 []


Overfull \hbox (1.43956pt too wide) in paragraph at lines 162--162
 []|\OT1/cmr/m/n/8 0.222(small)| 
 []


Overfull \hbox (1.43956pt too wide) in paragraph at lines 163--163
 []|\OT1/cmr/m/n/8 0.165(small)| 
 []


Overfull \hbox (1.43956pt too wide) in paragraph at lines 164--164
 []|\OT1/cmr/m/n/8 0.221(small)| 
 []


Overfull \hbox (1.43956pt too wide) in paragraph at lines 164--164
 []|\OT1/cmr/m/n/8 0.268(small)| 
 []


Overfull \hbox (22.51584pt too wide) in paragraph at lines 157--167
 [][] 
 []

[11]
Underfull \vbox (badness 6380) has occurred while \output is active []

 [12]

LaTeX Warning: \oval, \circle, or \line size unavailable on input line 260.

) ("C:\Users\Suhas\Dropbox\Queen's\ICSME-Review Comments\EMSE FORMAT\RQ2.tex"
[13]
Overfull \hbox (56.92587pt too wide) in paragraph at lines 33--49
 [][] 
 []

<model.pdf, id=64, 220.825pt x 85.31876pt>
File: model.pdf Graphic file (type pdf)
 <use model.pdf>
Package pdftex.def Info: model.pdf used on input line 55.
(pdftex.def)             Requested size: 250.38434pt x 96.74362pt.
 [14 <C:/Users/Suhas/Dropbox/Queen's/ICSME-Review Comments/EMSE FORMAT/model.pd
f>]
<HadoopBoxPlot.pdf, id=71, 395.4775pt x 471.7625pt>
File: HadoopBoxPlot.pdf Graphic file (type pdf)
 <use HadoopBoxPlot.pdf>
Package pdftex.def Info: HadoopBoxPlot.pdf used on input line 77.
(pdftex.def)             Requested size: 84.5pt x 100.80069pt.

<HBaseBoxPlot.pdf, id=72, 395.4775pt x 471.7625pt>
File: HBaseBoxPlot.pdf Graphic file (type pdf)
 <use HBaseBoxPlot.pdf>
Package pdftex.def Info: HBaseBoxPlot.pdf used on input line 79.
(pdftex.def)             Requested size: 84.5pt x 100.80069pt.

<QpidBoxPlot.pdf, id=73, 395.4775pt x 471.7625pt>
File: QpidBoxPlot.pdf Graphic file (type pdf)
 <use QpidBoxPlot.pdf>
Package pdftex.def Info: QpidBoxPlot.pdf used on input line 80.
(pdftex.def)             Requested size: 84.5pt x 100.80069pt.

[15 <C:/Users/Suhas/Dropbox/Queen's/ICSME-Review Comments/EMSE FORMAT/HadoopBox
Plot.pdf> <C:/Users/Suhas/Dropbox/Queen's/ICSME-Review Comments/EMSE FORMAT/HBa
seBoxPlot.pdf> <C:/Users/Suhas/Dropbox/Queen's/ICSME-Review Comments/EMSE FORMA
T/QpidBoxPlot.pdf>]

LaTeX Warning: \oval, \circle, or \line size unavailable on input line 118.

)
("C:\Users\Suhas\Dropbox\Queen's\ICSME-Review Comments\EMSE FORMAT\Relatedwork.
tex"

LaTeX Warning: Citation ` Beschastnikh:2014:IMC:2568225.2568246' on page 16 und
efined on input line 147.

[16]

LaTeX Warning: Citation ` JiangICSM2009' on page 17 undefined on input line 151
.

[17]

LaTeX Warning: Citation ` SMR:SMR1579' on page 18 undefined on input line 215.

) ("C:\Users\Suhas\Dropbox\Queen's\ICSME-Review Comments\EMSE FORMAT\Threats.te
x" [18])
("C:\Users\Suhas\Dropbox\Queen's\ICSME-Review Comments\EMSE FORMAT\Conclusion.t
ex" [19])
("C:\Users\Suhas\Dropbox\Queen's\ICSME-Review Comments\EMSE FORMAT\ICSMEMain.bb
l"
** WARNING: IEEEtran.bst: No hyphenation pattern has been
** loaded for the language `English'. Using the pattern for
** the default language instead.
** WARNING: IEEEtran.bst: No hyphenation pattern has been
** loaded for the language `English'. Using the pattern for
** the default language instead.
[20]
Underfull \vbox (badness 10000) has occurred while \output is active []

 [21])
[22]
("C:\Users\Suhas\Dropbox\Queen's\ICSME-Review Comments\EMSE FORMAT\ICSMEMain.au
x") ) 
Here is how much of TeX's memory you used:
 5230 strings out of 493921
 72311 string characters out of 3146880
 138211 words of memory out of 3000000
 8397 multiletter control sequences out of 15000+200000
 14908 words of font info for 54 fonts, out of 3000000 for 9000
 841 hyphenation exceptions out of 8191
 43i,13n,35p,1469b,342s stack positions out of 5000i,500n,10000p,200000b,50000s
<C:/Program Files (x86)/Latex/fonts/type1/public/amsfonts/cm/cmbsy10.pfb><
C:/Program Files (x86)/Latex/fonts/type1/public/amsfonts/cm/cmbx10.pfb><C:/Prog
ram Files (x86)/Latex/fonts/type1/public/amsfonts/cm/cmbx12.pfb><C:/Program Fil
es (x86)/Latex/fonts/type1/public/amsfonts/cm/cmbx8.pfb><C:/Program Files (x86)
/Latex/fonts/type1/public/amsfonts/cm/cmbxti10.pfb><C:/Program Files (x86)/Late
x/fonts/type1/public/amsfonts/cm/cmex10.pfb><C:/Program Files (x86)/Latex/fonts
/type1/public/amsfonts/cm/cmmi10.pfb><C:/Program Files (x86)/Latex/fonts/type1/
public/amsfonts/cm/cmmi7.pfb><C:/Program Files (x86)/Latex/fonts/type1/public/a
msfonts/cm/cmmi8.pfb><C:/Program Files (x86)/Latex/fonts/type1/public/amsfonts/
cm/cmr10.pfb><C:/Program Files (x86)/Latex/fonts/type1/public/amsfonts/cm/cmr6.
pfb><C:/Program Files (x86)/Latex/fonts/type1/public/amsfonts/cm/cmr7.pfb><C:/P
rogram Files (x86)/Latex/fonts/type1/public/amsfonts/cm/cmr8.pfb><C:/Program Fi
les (x86)/Latex/fonts/type1/public/amsfonts/cm/cmsl10.pfb><C:/Program Files (x8
6)/Latex/fonts/type1/public/amsfonts/cm/cmsy10.pfb><C:/Program Files (x86)/Late
x/fonts/type1/public/amsfonts/cm/cmsy8.pfb><C:/Program Files (x86)/Latex/fonts/
type1/public/amsfonts/cm/cmti10.pfb><C:/Program Files (x86)/Latex/fonts/type1/p
ublic/amsfonts/cm/cmti8.pfb><C:/Program Files (x86)/Latex/fonts/type1/public/am
sfonts/latxfont/lcirclew.pfb>
Output written on ICSMEMain.pdf (22 pages, 655851 bytes).
PDF statistics:
 175 PDF objects out of 1000 (max. 8388607)
 0 named destinations out of 1000 (max. 500000)
 26 words of extra memory for PDF output out of 10000 (max. 10000000)

