This is pdfTeX, Version 3.1415926-2.5-1.40.14 (MiKTeX 2.9) (preloaded format=pdflatex 2014.10.24)  10 JUL 2015 14:02
entering extended mode
**newfile2.tex
("C:\Users\Suhas\Dropbox\Queen's\ICSME-Review Comments\EMSE FORMAT\newfile2.tex
"
LaTeX2e <2011/06/27>
Babel <v3.8m> and hyphenation patterns for english, afrikaans, ancientgreek, ar
abic, armenian, assamese, basque, bengali, bokmal, bulgarian, catalan, coptic, 
croatian, czech, danish, dutch, esperanto, estonian, farsi, finnish, french, ga
lician, german, german-x-2013-05-26, greek, gujarati, hindi, hungarian, iceland
ic, indonesian, interlingua, irish, italian, kannada, kurmanji, latin, latvian,
 lithuanian, malayalam, marathi, mongolian, mongolianlmc, monogreek, ngerman, n
german-x-2013-05-26, nynorsk, oriya, panjabi, pinyin, polish, portuguese, roman
ian, russian, sanskrit, serbian, slovak, slovenian, spanish, swedish, swissgerm
an, tamil, telugu, turkish, turkmen, ukenglish, ukrainian, uppersorbian, usengl
ishmax, welsh, loaded.
("C:\Program Files (x86)\Latex\tex\latex\base\article.cls"
Document Class: article 2014/09/29 v1.4h Standard LaTeX document class
("C:\Program Files (x86)\Latex\tex\latex\base\size10.clo"
File: size10.clo 2014/09/29 v1.4h Standard LaTeX file (size option)
)
\c@part=\count79
\c@section=\count80
\c@subsection=\count81
\c@subsubsection=\count82
\c@paragraph=\count83
\c@subparagraph=\count84
\c@figure=\count85
\c@table=\count86
\abovecaptionskip=\skip41
\belowcaptionskip=\skip42
\bibindent=\dimen102
)
("C:\Program Files (x86)\Latex\tex\latex\base\fontenc.sty"
Package: fontenc 2005/09/27 v1.99g Standard LaTeX package

("C:\Program Files (x86)\Latex\tex\latex\base\t1enc.def"
File: t1enc.def 2005/09/27 v1.99g Standard LaTeX file
LaTeX Font Info:    Redeclaring font encoding T1 on input line 43.
))
("C:\Program Files (x86)\Latex\tex\latex\base\inputenc.sty"
Package: inputenc 2014/04/30 v1.2b Input encoding file
\inpenc@prehook=\toks14
\inpenc@posthook=\toks15

("C:\Program Files (x86)\Latex\tex\latex\base\latin9.def"
File: latin9.def 2014/04/30 v1.2b Input encoding file
))
("C:\Program Files (x86)\Latex\tex\latex\babel\babel.sty"
Package: babel 2014/09/25 3.9l The Babel package

("C:\Program Files (x86)\Latex\tex\latex\babel\switch.def"
File: switch.def 2014/09/25 3.9l Babel switching mechanism
)
*************************************
* Local config file bblopts.cfg used
*
("C:\Program Files (x86)\Latex\tex\latex\00miktex\bblopts.cfg"
File: bblopts.cfg 2006/07/31 v1.0 MiKTeX 'babel' configuration
)
("C:\Program Files (x86)\Latex\tex\latex\babel-english\english.ldf"
Language: english 2012/08/20 v3.3p English support from the babel system

("C:\Program Files (x86)\Latex\tex\latex\babel\babel.def"
File: babel.def 2014/09/25 3.9l Babel common definitions

(C:\Users\Suhas\AppData\Roaming\MiKTeX\2.9\tex\generic\config\language.def)
\babel@savecnt=\count87
\U@D=\dimen103
)
\l@canadian = a dialect from \language\l@american 
\l@australian = a dialect from \language\l@british 
\l@newzealand = a dialect from \language\l@british 
))
("C:\Users\Suhas\Dropbox\Queen's\ICSME-Review Comments\EMSE FORMAT\newfile2.aux
")
LaTeX Font Info:    Checking defaults for OML/cmm/m/it on input line 16.
LaTeX Font Info:    ... okay on input line 16.
LaTeX Font Info:    Checking defaults for T1/cmr/m/n on input line 16.
LaTeX Font Info:    ... okay on input line 16.
LaTeX Font Info:    Checking defaults for OT1/cmr/m/n on input line 16.
LaTeX Font Info:    ... okay on input line 16.
LaTeX Font Info:    Checking defaults for OMS/cmsy/m/n on input line 16.
LaTeX Font Info:    ... okay on input line 16.
LaTeX Font Info:    Checking defaults for OMX/cmex/m/n on input line 16.
LaTeX Font Info:    ... okay on input line 16.
LaTeX Font Info:    Checking defaults for U/cmr/m/n on input line 16.
LaTeX Font Info:    ... okay on input line 16.
LaTeX Font Info:    External font `cmex10' loaded for size
(Font)              <7> on input line 19.
LaTeX Font Info:    External font `cmex10' loaded for size
(Font)              <5> on input line 19.

Overfull \hbox (57.35683pt too wide) in paragraph at lines 19--31
 [][] 
 []

[1{C:/Users/Suhas/AppData/Local/MiKTeX/2.9/pdftex/config/pdftex.map}]
("C:\Users\Suhas\Dropbox\Queen's\ICSME-Review Comments\EMSE FORMAT\newfile2.aux
") ) 
Here is how much of TeX's memory you used:
 965 strings out of 493921
 11590 string characters out of 3146880
 65086 words of memory out of 3000000
 4311 multiletter control sequences out of 15000+200000
 5179 words of font info for 16 fonts, out of 3000000 for 9000
 841 hyphenation exceptions out of 8191
 24i,7n,23p,212b,240s stack positions out of 5000i,500n,10000p,200000b,50000s
 <C:\Users\Suhas\AppData\Local\MiKTeX\2.9\fonts\pk\ljfour\jknappen\ec\dpi60
0\ecbx1000.pk> <C:\Users\Suhas\AppData\Local\MiKTeX\2.9\fonts\pk\ljfour\jknappe
n\ec\dpi600\ecrm1000.pk>
Output written on newfile2.pdf (1 page, 17378 bytes).
PDF statistics:
 61 PDF objects out of 1000 (max. 8388607)
 0 named destinations out of 1000 (max. 500000)
 1 words of extra memory for PDF output out of 10000 (max. 10000000)

